<?xml version="1.0" encoding="UTF-8"?>
<testsuite name="Visa Confirmation test"
           tests="3"
           failures="0"
           errors="0"
           skipped="0"
           time="2.905">
  <properties />
  
  
            <testcase name="aColumbianNationalComingToTheUKToJoinAPartnerForALongStayTheyDoHaveAnArticle10Or20Card" time="0.799" classname="gov.uk.check.visa.testsuite.VisaConfirmationTest" />
                <testcase name="anAustralianCominToUKForTourism" time="0.779" classname="gov.uk.check.visa.testsuite.VisaConfirmationTest" />
                <testcase name="aChileanComingToTheUKForWorkAndPlansOnStayingForLongerThanSixMonths" time="1.327" classname="gov.uk.check.visa.testsuite.VisaConfirmationTest" />
      
</testsuite>
